2022-09-28 16:06:34.860319+02:00 [notice] <0.222.0> Logging: configured log handlers are now ACTIVE
2022-09-28 16:06:35.529219+02:00 [info] <0.222.0> ra: starting system quorum_queues
2022-09-28 16:06:35.529262+02:00 [info] <0.222.0> starting Ra system: quorum_queues in directory: /home1/ym186975/Documents/M1Info/M1/systemeDistribue/yann_daniel/rabbitMQ/rabbitmq_server-3.10.7/var/lib/rabbitmq/mnesia/rabbit@MI104-18/quorum/rabbit@MI104-18
2022-09-28 16:06:35.657722+02:00 [info] <0.259.0> ra system 'quorum_queues' running pre init for 0 registered servers
2022-09-28 16:06:35.688740+02:00 [info] <0.260.0> ra: meta data store initialised for system quorum_queues. 0 record(s) recovered
2022-09-28 16:06:35.740092+02:00 [notice] <0.265.0> WAL: ra_log_wal init, open tbls: ra_log_open_mem_tables, closed tbls: ra_log_closed_mem_tables
2022-09-28 16:06:35.752867+02:00 [info] <0.222.0> ra: starting system coordination
2022-09-28 16:06:35.752905+02:00 [info] <0.222.0> starting Ra system: coordination in directory: /home1/ym186975/Documents/M1Info/M1/systemeDistribue/yann_daniel/rabbitMQ/rabbitmq_server-3.10.7/var/lib/rabbitmq/mnesia/rabbit@MI104-18/coordination/rabbit@MI104-18
2022-09-28 16:06:35.755574+02:00 [info] <0.272.0> ra system 'coordination' running pre init for 0 registered servers
2022-09-28 16:06:35.756565+02:00 [info] <0.273.0> ra: meta data store initialised for system coordination. 0 record(s) recovered
2022-09-28 16:06:35.756654+02:00 [notice] <0.278.0> WAL: ra_coordination_log_wal init, open tbls: ra_coordination_log_open_mem_tables, closed tbls: ra_coordination_log_closed_mem_tables
2022-09-28 16:06:35.759478+02:00 [info] <0.222.0> 
2022-09-28 16:06:35.759478+02:00 [info] <0.222.0>  Starting RabbitMQ 3.10.7 on Erlang 25.0.4 [jit]
2022-09-28 16:06:35.759478+02:00 [info] <0.222.0>  Copyright (c) 2007-2022 VMware, Inc. or its affiliates.
2022-09-28 16:06:35.759478+02:00 [info] <0.222.0>  Licensed under the MPL 2.0. Website: https://rabbitmq.com
2022-09-28 16:06:35.760106+02:00 [info] <0.222.0> 
2022-09-28 16:06:35.760106+02:00 [info] <0.222.0>  node           : rabbit@MI104-18
2022-09-28 16:06:35.760106+02:00 [info] <0.222.0>  home dir       : /home1/ym186975
2022-09-28 16:06:35.760106+02:00 [info] <0.222.0>  config file(s) : (none)
2022-09-28 16:06:35.760106+02:00 [info] <0.222.0>  cookie hash    : thHBx8mpto4lM/749+RxqQ==
2022-09-28 16:06:35.760106+02:00 [info] <0.222.0>  log(s)         : /home1/ym186975/Documents/M1Info/M1/systemeDistribue/yann_daniel/rabbitMQ/rabbitmq_server-3.10.7/var/log/rabbitmq/rabbit@MI104-18.log
2022-09-28 16:06:35.760106+02:00 [info] <0.222.0>                 : /home1/ym186975/Documents/M1Info/M1/systemeDistribue/yann_daniel/rabbitMQ/rabbitmq_server-3.10.7/var/log/rabbitmq/rabbit@MI104-18_upgrade.log
2022-09-28 16:06:35.760106+02:00 [info] <0.222.0>                 : <stdout>
2022-09-28 16:06:35.760106+02:00 [info] <0.222.0>  database dir   : /home1/ym186975/Documents/M1Info/M1/systemeDistribue/yann_daniel/rabbitMQ/rabbitmq_server-3.10.7/var/lib/rabbitmq/mnesia/rabbit@MI104-18
2022-09-28 16:06:36.428257+02:00 [info] <0.222.0> Feature flags: list of feature flags found:
2022-09-28 16:06:36.428312+02:00 [info] <0.222.0> Feature flags:   [ ] classic_mirrored_queue_version
2022-09-28 16:06:36.428340+02:00 [info] <0.222.0> Feature flags:   [ ] drop_unroutable_metric
2022-09-28 16:06:36.428362+02:00 [info] <0.222.0> Feature flags:   [ ] empty_basic_get_metric
2022-09-28 16:06:36.428414+02:00 [info] <0.222.0> Feature flags:   [ ] implicit_default_bindings
2022-09-28 16:06:36.428438+02:00 [info] <0.222.0> Feature flags:   [ ] maintenance_mode_status
2022-09-28 16:06:36.428459+02:00 [info] <0.222.0> Feature flags:   [ ] quorum_queue
2022-09-28 16:06:36.428511+02:00 [info] <0.222.0> Feature flags:   [ ] stream_queue
2022-09-28 16:06:36.428530+02:00 [info] <0.222.0> Feature flags:   [ ] user_limits
2022-09-28 16:06:36.428544+02:00 [info] <0.222.0> Feature flags:   [ ] virtual_host_metadata
2022-09-28 16:06:36.428559+02:00 [info] <0.222.0> Feature flags: feature flag states written to disk: yes
2022-09-28 16:06:43.254316+02:00 [info] <0.222.0> Running boot step pre_boot defined by app rabbit
2022-09-28 16:06:43.254363+02:00 [info] <0.222.0> Running boot step rabbit_global_counters defined by app rabbit
2022-09-28 16:06:43.254513+02:00 [info] <0.222.0> Running boot step rabbit_osiris_metrics defined by app rabbit
2022-09-28 16:06:43.254581+02:00 [info] <0.222.0> Running boot step rabbit_core_metrics defined by app rabbit
2022-09-28 16:06:43.255102+02:00 [info] <0.222.0> Running boot step rabbit_alarm defined by app rabbit
2022-09-28 16:06:43.263959+02:00 [info] <0.290.0> Memory high watermark set to 25621 MiB (26865641062 bytes) of 64052 MiB (67164102656 bytes) total
2022-09-28 16:06:43.267873+02:00 [info] <0.292.0> Enabling free disk space monitoring
2022-09-28 16:06:43.267901+02:00 [info] <0.292.0> Disk free limit set to 50MB
2022-09-28 16:06:43.269804+02:00 [info] <0.222.0> Running boot step code_server_cache defined by app rabbit
2022-09-28 16:06:43.269863+02:00 [info] <0.222.0> Running boot step file_handle_cache defined by app rabbit
2022-09-28 16:06:43.269974+02:00 [info] <0.297.0> Limiting to approx 927 file handles (832 sockets)
2022-09-28 16:06:43.270039+02:00 [info] <0.298.0> FHC read buffering: OFF
2022-09-28 16:06:43.270065+02:00 [info] <0.298.0> FHC write buffering: ON
2022-09-28 16:06:43.271574+02:00 [info] <0.222.0> Running boot step worker_pool defined by app rabbit
2022-09-28 16:06:43.271607+02:00 [info] <0.280.0> Will use 20 processes for default worker pool
2022-09-28 16:06:43.271628+02:00 [info] <0.280.0> Starting worker pool 'worker_pool' with 20 processes in it
2022-09-28 16:06:43.272080+02:00 [info] <0.222.0> Running boot step database defined by app rabbit
2022-09-28 16:06:43.272673+02:00 [info] <0.222.0> Node database directory at /home1/ym186975/Documents/M1Info/M1/systemeDistribue/yann_daniel/rabbitMQ/rabbitmq_server-3.10.7/var/lib/rabbitmq/mnesia/rabbit@MI104-18 is empty. Assuming we need to join an existing cluster or initialise from scratch...
2022-09-28 16:06:43.272712+02:00 [info] <0.222.0> Configured peer discovery backend: rabbit_peer_discovery_classic_config
2022-09-28 16:06:43.272745+02:00 [info] <0.222.0> Will try to lock with peer discovery backend rabbit_peer_discovery_classic_config
2022-09-28 16:06:43.272783+02:00 [info] <0.222.0> All discovered existing cluster peers:
2022-09-28 16:06:43.272806+02:00 [info] <0.222.0> Discovered no peer nodes to cluster with. Some discovery backends can filter nodes out based on a readiness criteria. Enabling debug logging might help troubleshoot.
2022-09-28 16:06:43.274197+02:00 [notice] <0.44.0> Application mnesia exited with reason: stopped
2022-09-28 16:06:43.355190+02:00 [info] <0.222.0> Waiting for Mnesia tables for 30000 ms, 9 retries left
2022-09-28 16:06:43.355249+02:00 [info] <0.222.0> Successfully synced tables from a peer
2022-09-28 16:06:43.360605+02:00 [info] <0.222.0> Waiting for Mnesia tables for 30000 ms, 9 retries left
2022-09-28 16:06:43.360645+02:00 [info] <0.222.0> Successfully synced tables from a peer
2022-09-28 16:06:43.360672+02:00 [info] <0.222.0> Feature flag `classic_mirrored_queue_version`: supported, attempt to enable...
2022-09-28 16:06:43.360699+02:00 [info] <0.222.0> Feature flag `classic_mirrored_queue_version`: mark as enabled=state_changing
2022-09-28 16:06:43.361062+02:00 [info] <0.222.0> Feature flags: list of feature flags found:
2022-09-28 16:06:43.361087+02:00 [info] <0.222.0> Feature flags:   [~] classic_mirrored_queue_version
2022-09-28 16:06:43.361105+02:00 [info] <0.222.0> Feature flags:   [ ] drop_unroutable_metric
2022-09-28 16:06:43.361122+02:00 [info] <0.222.0> Feature flags:   [ ] empty_basic_get_metric
2022-09-28 16:06:43.361146+02:00 [info] <0.222.0> Feature flags:   [ ] implicit_default_bindings
2022-09-28 16:06:43.361161+02:00 [info] <0.222.0> Feature flags:   [ ] maintenance_mode_status
2022-09-28 16:06:43.361179+02:00 [info] <0.222.0> Feature flags:   [ ] quorum_queue
2022-09-28 16:06:43.361192+02:00 [info] <0.222.0> Feature flags:   [ ] stream_queue
2022-09-28 16:06:43.361204+02:00 [info] <0.222.0> Feature flags:   [ ] user_limits
2022-09-28 16:06:43.361215+02:00 [info] <0.222.0> Feature flags:   [ ] virtual_host_metadata
2022-09-28 16:06:43.361232+02:00 [info] <0.222.0> Feature flags: feature flag states written to disk: yes
2022-09-28 16:06:43.366055+02:00 [info] <0.222.0> Feature flag `classic_mirrored_queue_version`: mark as enabled=true
2022-09-28 16:06:43.368021+02:00 [info] <0.222.0> Feature flags: list of feature flags found:
2022-09-28 16:06:43.368056+02:00 [info] <0.222.0> Feature flags:   [x] classic_mirrored_queue_version
2022-09-28 16:06:43.368077+02:00 [info] <0.222.0> Feature flags:   [ ] drop_unroutable_metric
2022-09-28 16:06:43.368093+02:00 [info] <0.222.0> Feature flags:   [ ] empty_basic_get_metric
2022-09-28 16:06:43.368150+02:00 [info] <0.222.0> Feature flags:   [ ] implicit_default_bindings
2022-09-28 16:06:43.368170+02:00 [info] <0.222.0> Feature flags:   [ ] maintenance_mode_status
2022-09-28 16:06:43.368187+02:00 [info] <0.222.0> Feature flags:   [ ] quorum_queue
2022-09-28 16:06:43.368203+02:00 [info] <0.222.0> Feature flags:   [ ] stream_queue
2022-09-28 16:06:43.368223+02:00 [info] <0.222.0> Feature flags:   [ ] user_limits
2022-09-28 16:06:43.368241+02:00 [info] <0.222.0> Feature flags:   [ ] virtual_host_metadata
2022-09-28 16:06:43.368257+02:00 [info] <0.222.0> Feature flags: feature flag states written to disk: yes
2022-09-28 16:06:43.373256+02:00 [info] <0.222.0> Feature flag `drop_unroutable_metric`: supported, attempt to enable...
2022-09-28 16:06:43.373310+02:00 [info] <0.222.0> Feature flag `drop_unroutable_metric`: mark as enabled=state_changing
2022-09-28 16:06:43.373751+02:00 [info] <0.222.0> Feature flags: list of feature flags found:
2022-09-28 16:06:43.373777+02:00 [info] <0.222.0> Feature flags:   [x] classic_mirrored_queue_version
2022-09-28 16:06:43.373794+02:00 [info] <0.222.0> Feature flags:   [~] drop_unroutable_metric
2022-09-28 16:06:43.373824+02:00 [info] <0.222.0> Feature flags:   [ ] empty_basic_get_metric
2022-09-28 16:06:43.373838+02:00 [info] <0.222.0> Feature flags:   [ ] implicit_default_bindings
2022-09-28 16:06:43.373853+02:00 [info] <0.222.0> Feature flags:   [ ] maintenance_mode_status
2022-09-28 16:06:43.373869+02:00 [info] <0.222.0> Feature flags:   [ ] quorum_queue
2022-09-28 16:06:43.373881+02:00 [info] <0.222.0> Feature flags:   [ ] stream_queue
2022-09-28 16:06:43.373900+02:00 [info] <0.222.0> Feature flags:   [ ] user_limits
2022-09-28 16:06:43.373914+02:00 [info] <0.222.0> Feature flags:   [ ] virtual_host_metadata
2022-09-28 16:06:43.373930+02:00 [info] <0.222.0> Feature flags: feature flag states written to disk: yes
2022-09-28 16:06:43.378583+02:00 [info] <0.222.0> Feature flag `drop_unroutable_metric`: mark as enabled=true
2022-09-28 16:06:43.381570+02:00 [info] <0.222.0> Feature flags: list of feature flags found:
2022-09-28 16:06:43.381598+02:00 [info] <0.222.0> Feature flags:   [x] classic_mirrored_queue_version
2022-09-28 16:06:43.381623+02:00 [info] <0.222.0> Feature flags:   [x] drop_unroutable_metric
2022-09-28 16:06:43.381637+02:00 [info] <0.222.0> Feature flags:   [ ] empty_basic_get_metric
2022-09-28 16:06:43.381652+02:00 [info] <0.222.0> Feature flags:   [ ] implicit_default_bindings
2022-09-28 16:06:43.381667+02:00 [info] <0.222.0> Feature flags:   [ ] maintenance_mode_status
2022-09-28 16:06:43.381685+02:00 [info] <0.222.0> Feature flags:   [ ] quorum_queue
2022-09-28 16:06:43.381700+02:00 [info] <0.222.0> Feature flags:   [ ] stream_queue
2022-09-28 16:06:43.381712+02:00 [info] <0.222.0> Feature flags:   [ ] user_limits
2022-09-28 16:06:43.381725+02:00 [info] <0.222.0> Feature flags:   [ ] virtual_host_metadata
2022-09-28 16:06:43.381738+02:00 [info] <0.222.0> Feature flags: feature flag states written to disk: yes
2022-09-28 16:06:43.386257+02:00 [info] <0.222.0> Feature flag `empty_basic_get_metric`: supported, attempt to enable...
2022-09-28 16:06:43.386301+02:00 [info] <0.222.0> Feature flag `empty_basic_get_metric`: mark as enabled=state_changing
2022-09-28 16:06:43.386731+02:00 [info] <0.222.0> Feature flags: list of feature flags found:
2022-09-28 16:06:43.386754+02:00 [info] <0.222.0> Feature flags:   [x] classic_mirrored_queue_version
2022-09-28 16:06:43.386770+02:00 [info] <0.222.0> Feature flags:   [x] drop_unroutable_metric
2022-09-28 16:06:43.386810+02:00 [info] <0.222.0> Feature flags:   [~] empty_basic_get_metric
2022-09-28 16:06:43.386823+02:00 [info] <0.222.0> Feature flags:   [ ] implicit_default_bindings
2022-09-28 16:06:43.386837+02:00 [info] <0.222.0> Feature flags:   [ ] maintenance_mode_status
2022-09-28 16:06:43.386855+02:00 [info] <0.222.0> Feature flags:   [ ] quorum_queue
2022-09-28 16:06:43.386867+02:00 [info] <0.222.0> Feature flags:   [ ] stream_queue
2022-09-28 16:06:43.386879+02:00 [info] <0.222.0> Feature flags:   [ ] user_limits
2022-09-28 16:06:43.386891+02:00 [info] <0.222.0> Feature flags:   [ ] virtual_host_metadata
2022-09-28 16:06:43.386913+02:00 [info] <0.222.0> Feature flags: feature flag states written to disk: yes
2022-09-28 16:06:43.391379+02:00 [info] <0.222.0> Feature flag `empty_basic_get_metric`: mark as enabled=true
2022-09-28 16:06:43.394859+02:00 [info] <0.222.0> Feature flags: list of feature flags found:
2022-09-28 16:06:43.394887+02:00 [info] <0.222.0> Feature flags:   [x] classic_mirrored_queue_version
2022-09-28 16:06:43.394906+02:00 [info] <0.222.0> Feature flags:   [x] drop_unroutable_metric
2022-09-28 16:06:43.394920+02:00 [info] <0.222.0> Feature flags:   [x] empty_basic_get_metric
2022-09-28 16:06:43.394934+02:00 [info] <0.222.0> Feature flags:   [ ] implicit_default_bindings
2022-09-28 16:06:43.394949+02:00 [info] <0.222.0> Feature flags:   [ ] maintenance_mode_status
2022-09-28 16:06:43.394963+02:00 [info] <0.222.0> Feature flags:   [ ] quorum_queue
2022-09-28 16:06:43.394978+02:00 [info] <0.222.0> Feature flags:   [ ] stream_queue
2022-09-28 16:06:43.394990+02:00 [info] <0.222.0> Feature flags:   [ ] user_limits
2022-09-28 16:06:43.395002+02:00 [info] <0.222.0> Feature flags:   [ ] virtual_host_metadata
2022-09-28 16:06:43.395015+02:00 [info] <0.222.0> Feature flags: feature flag states written to disk: yes
2022-09-28 16:06:43.399389+02:00 [info] <0.222.0> Feature flag `implicit_default_bindings`: supported, attempt to enable...
2022-09-28 16:06:43.399431+02:00 [info] <0.222.0> Feature flag `implicit_default_bindings`: mark as enabled=state_changing
2022-09-28 16:06:43.399870+02:00 [info] <0.222.0> Feature flags: list of feature flags found:
2022-09-28 16:06:43.399902+02:00 [info] <0.222.0> Feature flags:   [x] classic_mirrored_queue_version
2022-09-28 16:06:43.399925+02:00 [info] <0.222.0> Feature flags:   [x] drop_unroutable_metric
2022-09-28 16:06:43.399948+02:00 [info] <0.222.0> Feature flags:   [x] empty_basic_get_metric
2022-09-28 16:06:43.399966+02:00 [info] <0.222.0> Feature flags:   [~] implicit_default_bindings
2022-09-28 16:06:43.399985+02:00 [info] <0.222.0> Feature flags:   [ ] maintenance_mode_status
2022-09-28 16:06:43.400011+02:00 [info] <0.222.0> Feature flags:   [ ] quorum_queue
2022-09-28 16:06:43.400036+02:00 [info] <0.222.0> Feature flags:   [ ] stream_queue
2022-09-28 16:06:43.400054+02:00 [info] <0.222.0> Feature flags:   [ ] user_limits
2022-09-28 16:06:43.400069+02:00 [info] <0.222.0> Feature flags:   [ ] virtual_host_metadata
2022-09-28 16:06:43.400107+02:00 [info] <0.222.0> Feature flags: feature flag states written to disk: yes
2022-09-28 16:06:43.404732+02:00 [info] <0.222.0> Waiting for Mnesia tables for 30000 ms, 0 retries left
2022-09-28 16:06:43.404787+02:00 [info] <0.222.0> Successfully synced tables from a peer
2022-09-28 16:06:43.404816+02:00 [info] <0.222.0> Feature flag `implicit_default_bindings`: mark as enabled=true
2022-09-28 16:06:43.407976+02:00 [info] <0.222.0> Feature flags: list of feature flags found:
2022-09-28 16:06:43.408009+02:00 [info] <0.222.0> Feature flags:   [x] classic_mirrored_queue_version
2022-09-28 16:06:43.408032+02:00 [info] <0.222.0> Feature flags:   [x] drop_unroutable_metric
2022-09-28 16:06:43.408053+02:00 [info] <0.222.0> Feature flags:   [x] empty_basic_get_metric
2022-09-28 16:06:43.408071+02:00 [info] <0.222.0> Feature flags:   [x] implicit_default_bindings
2022-09-28 16:06:43.408089+02:00 [info] <0.222.0> Feature flags:   [ ] maintenance_mode_status
2022-09-28 16:06:43.408105+02:00 [info] <0.222.0> Feature flags:   [ ] quorum_queue
2022-09-28 16:06:43.408128+02:00 [info] <0.222.0> Feature flags:   [ ] stream_queue
2022-09-28 16:06:43.408156+02:00 [info] <0.222.0> Feature flags:   [ ] user_limits
2022-09-28 16:06:43.408173+02:00 [info] <0.222.0> Feature flags:   [ ] virtual_host_metadata
2022-09-28 16:06:43.408189+02:00 [info] <0.222.0> Feature flags: feature flag states written to disk: yes
2022-09-28 16:06:43.412580+02:00 [info] <0.222.0> Feature flag `maintenance_mode_status`: supported, attempt to enable...
2022-09-28 16:06:43.412618+02:00 [info] <0.222.0> Feature flag `maintenance_mode_status`: mark as enabled=state_changing
2022-09-28 16:06:43.413015+02:00 [info] <0.222.0> Feature flags: list of feature flags found:
2022-09-28 16:06:43.413039+02:00 [info] <0.222.0> Feature flags:   [x] classic_mirrored_queue_version
2022-09-28 16:06:43.413055+02:00 [info] <0.222.0> Feature flags:   [x] drop_unroutable_metric
2022-09-28 16:06:43.413072+02:00 [info] <0.222.0> Feature flags:   [x] empty_basic_get_metric
2022-09-28 16:06:43.413084+02:00 [info] <0.222.0> Feature flags:   [x] implicit_default_bindings
2022-09-28 16:06:43.413098+02:00 [info] <0.222.0> Feature flags:   [~] maintenance_mode_status
2022-09-28 16:06:43.413117+02:00 [info] <0.222.0> Feature flags:   [ ] quorum_queue
2022-09-28 16:06:43.413138+02:00 [info] <0.222.0> Feature flags:   [ ] stream_queue
2022-09-28 16:06:43.413150+02:00 [info] <0.222.0> Feature flags:   [ ] user_limits
2022-09-28 16:06:43.413163+02:00 [info] <0.222.0> Feature flags:   [ ] virtual_host_metadata
2022-09-28 16:06:43.413176+02:00 [info] <0.222.0> Feature flags: feature flag states written to disk: yes
2022-09-28 16:06:43.417938+02:00 [info] <0.222.0> Creating table rabbit_node_maintenance_states for feature flag `maintenance_mode_status`
2022-09-28 16:06:43.421227+02:00 [info] <0.222.0> Feature flag `maintenance_mode_status`: mark as enabled=true
2022-09-28 16:06:43.424011+02:00 [info] <0.222.0> Feature flags: list of feature flags found:
2022-09-28 16:06:43.424039+02:00 [info] <0.222.0> Feature flags:   [x] classic_mirrored_queue_version
2022-09-28 16:06:43.424057+02:00 [info] <0.222.0> Feature flags:   [x] drop_unroutable_metric
2022-09-28 16:06:43.424078+02:00 [info] <0.222.0> Feature flags:   [x] empty_basic_get_metric
2022-09-28 16:06:43.424093+02:00 [info] <0.222.0> Feature flags:   [x] implicit_default_bindings
2022-09-28 16:06:43.424107+02:00 [info] <0.222.0> Feature flags:   [x] maintenance_mode_status
2022-09-28 16:06:43.424121+02:00 [info] <0.222.0> Feature flags:   [ ] quorum_queue
2022-09-28 16:06:43.424132+02:00 [info] <0.222.0> Feature flags:   [ ] stream_queue
2022-09-28 16:06:43.424146+02:00 [info] <0.222.0> Feature flags:   [ ] user_limits
2022-09-28 16:06:43.424157+02:00 [info] <0.222.0> Feature flags:   [ ] virtual_host_metadata
2022-09-28 16:06:43.424170+02:00 [info] <0.222.0> Feature flags: feature flag states written to disk: yes
2022-09-28 16:06:43.428689+02:00 [info] <0.222.0> Feature flag `quorum_queue`: supported, attempt to enable...
2022-09-28 16:06:43.428745+02:00 [info] <0.222.0> Feature flag `quorum_queue`: mark as enabled=state_changing
2022-09-28 16:06:43.429165+02:00 [info] <0.222.0> Feature flags: list of feature flags found:
2022-09-28 16:06:43.429190+02:00 [info] <0.222.0> Feature flags:   [x] classic_mirrored_queue_version
2022-09-28 16:06:43.429206+02:00 [info] <0.222.0> Feature flags:   [x] drop_unroutable_metric
2022-09-28 16:06:43.429240+02:00 [info] <0.222.0> Feature flags:   [x] empty_basic_get_metric
2022-09-28 16:06:43.429254+02:00 [info] <0.222.0> Feature flags:   [x] implicit_default_bindings
2022-09-28 16:06:43.429267+02:00 [info] <0.222.0> Feature flags:   [x] maintenance_mode_status
2022-09-28 16:06:43.429283+02:00 [info] <0.222.0> Feature flags:   [~] quorum_queue
2022-09-28 16:06:43.429306+02:00 [info] <0.222.0> Feature flags:   [ ] stream_queue
2022-09-28 16:06:43.429327+02:00 [info] <0.222.0> Feature flags:   [ ] user_limits
2022-09-28 16:06:43.429339+02:00 [info] <0.222.0> Feature flags:   [ ] virtual_host_metadata
2022-09-28 16:06:43.429354+02:00 [info] <0.222.0> Feature flags: feature flag states written to disk: yes
2022-09-28 16:06:43.434478+02:00 [info] <0.222.0> Waiting for Mnesia tables for 30000 ms, 9 retries left
2022-09-28 16:06:43.434532+02:00 [info] <0.222.0> Successfully synced tables from a peer
2022-09-28 16:06:43.434557+02:00 [info] <0.222.0> Feature flag `quorum_queue`:   migrating Mnesia table rabbit_queue...
2022-09-28 16:06:43.452793+02:00 [info] <0.222.0> Feature flag `quorum_queue`:   migrating Mnesia table rabbit_durable_queue...
2022-09-28 16:06:43.469802+02:00 [info] <0.222.0> Feature flag `quorum_queue`:   Mnesia tables migration done
2022-09-28 16:06:43.469829+02:00 [info] <0.222.0> Feature flag `quorum_queue`: mark as enabled=true
2022-09-28 16:06:43.472452+02:00 [info] <0.222.0> Feature flags: list of feature flags found:
2022-09-28 16:06:43.472479+02:00 [info] <0.222.0> Feature flags:   [x] classic_mirrored_queue_version
2022-09-28 16:06:43.472498+02:00 [info] <0.222.0> Feature flags:   [x] drop_unroutable_metric
2022-09-28 16:06:43.472518+02:00 [info] <0.222.0> Feature flags:   [x] empty_basic_get_metric
2022-09-28 16:06:43.472538+02:00 [info] <0.222.0> Feature flags:   [x] implicit_default_bindings
2022-09-28 16:06:43.472551+02:00 [info] <0.222.0> Feature flags:   [x] maintenance_mode_status
2022-09-28 16:06:43.472564+02:00 [info] <0.222.0> Feature flags:   [x] quorum_queue
2022-09-28 16:06:43.472589+02:00 [info] <0.222.0> Feature flags:   [ ] stream_queue
2022-09-28 16:06:43.472607+02:00 [info] <0.222.0> Feature flags:   [ ] user_limits
2022-09-28 16:06:43.472619+02:00 [info] <0.222.0> Feature flags:   [ ] virtual_host_metadata
2022-09-28 16:06:43.472632+02:00 [info] <0.222.0> Feature flags: feature flag states written to disk: yes
2022-09-28 16:06:43.477300+02:00 [info] <0.222.0> Feature flag `stream_queue`: supported, attempt to enable...
2022-09-28 16:06:43.477343+02:00 [info] <0.222.0> Feature flag `stream_queue`: mark as enabled=state_changing
2022-09-28 16:06:43.477766+02:00 [info] <0.222.0> Feature flags: list of feature flags found:
2022-09-28 16:06:43.477793+02:00 [info] <0.222.0> Feature flags:   [x] classic_mirrored_queue_version
2022-09-28 16:06:43.477810+02:00 [info] <0.222.0> Feature flags:   [x] drop_unroutable_metric
2022-09-28 16:06:43.477836+02:00 [info] <0.222.0> Feature flags:   [x] empty_basic_get_metric
2022-09-28 16:06:43.477868+02:00 [info] <0.222.0> Feature flags:   [x] implicit_default_bindings
2022-09-28 16:06:43.477884+02:00 [info] <0.222.0> Feature flags:   [x] maintenance_mode_status
2022-09-28 16:06:43.477919+02:00 [info] <0.222.0> Feature flags:   [x] quorum_queue
2022-09-28 16:06:43.477933+02:00 [info] <0.222.0> Feature flags:   [~] stream_queue
2022-09-28 16:06:43.477944+02:00 [info] <0.222.0> Feature flags:   [ ] user_limits
2022-09-28 16:06:43.477956+02:00 [info] <0.222.0> Feature flags:   [ ] virtual_host_metadata
2022-09-28 16:06:43.477987+02:00 [info] <0.222.0> Feature flags: feature flag states written to disk: yes
2022-09-28 16:06:43.482589+02:00 [info] <0.222.0> Feature flag `stream_queue`: mark as enabled=true
2022-09-28 16:06:43.485723+02:00 [info] <0.222.0> Feature flags: list of feature flags found:
2022-09-28 16:06:43.485755+02:00 [info] <0.222.0> Feature flags:   [x] classic_mirrored_queue_version
2022-09-28 16:06:43.485776+02:00 [info] <0.222.0> Feature flags:   [x] drop_unroutable_metric
2022-09-28 16:06:43.485805+02:00 [info] <0.222.0> Feature flags:   [x] empty_basic_get_metric
2022-09-28 16:06:43.485824+02:00 [info] <0.222.0> Feature flags:   [x] implicit_default_bindings
2022-09-28 16:06:43.485842+02:00 [info] <0.222.0> Feature flags:   [x] maintenance_mode_status
2022-09-28 16:06:43.485869+02:00 [info] <0.222.0> Feature flags:   [x] quorum_queue
2022-09-28 16:06:43.485889+02:00 [info] <0.222.0> Feature flags:   [x] stream_queue
2022-09-28 16:06:43.485912+02:00 [info] <0.222.0> Feature flags:   [ ] user_limits
2022-09-28 16:06:43.485931+02:00 [info] <0.222.0> Feature flags:   [ ] virtual_host_metadata
2022-09-28 16:06:43.485949+02:00 [info] <0.222.0> Feature flags: feature flag states written to disk: yes
2022-09-28 16:06:43.490402+02:00 [info] <0.222.0> Feature flag `user_limits`: supported, attempt to enable...
2022-09-28 16:06:43.490446+02:00 [info] <0.222.0> Feature flag `user_limits`: mark as enabled=state_changing
2022-09-28 16:06:43.490853+02:00 [info] <0.222.0> Feature flags: list of feature flags found:
2022-09-28 16:06:43.490879+02:00 [info] <0.222.0> Feature flags:   [x] classic_mirrored_queue_version
2022-09-28 16:06:43.490905+02:00 [info] <0.222.0> Feature flags:   [x] drop_unroutable_metric
2022-09-28 16:06:43.490927+02:00 [info] <0.222.0> Feature flags:   [x] empty_basic_get_metric
2022-09-28 16:06:43.490957+02:00 [info] <0.222.0> Feature flags:   [x] implicit_default_bindings
2022-09-28 16:06:43.490979+02:00 [info] <0.222.0> Feature flags:   [x] maintenance_mode_status
2022-09-28 16:06:43.490995+02:00 [info] <0.222.0> Feature flags:   [x] quorum_queue
2022-09-28 16:06:43.491008+02:00 [info] <0.222.0> Feature flags:   [x] stream_queue
2022-09-28 16:06:43.491020+02:00 [info] <0.222.0> Feature flags:   [~] user_limits
2022-09-28 16:06:43.491031+02:00 [info] <0.222.0> Feature flags:   [ ] virtual_host_metadata
2022-09-28 16:06:43.491045+02:00 [info] <0.222.0> Feature flags: feature flag states written to disk: yes
2022-09-28 16:06:43.495463+02:00 [info] <0.222.0> Waiting for Mnesia tables for 30000 ms, 9 retries left
2022-09-28 16:06:43.495523+02:00 [info] <0.222.0> Successfully synced tables from a peer
2022-09-28 16:06:43.519631+02:00 [info] <0.222.0> Feature flag `user_limits`: mark as enabled=true
2022-09-28 16:06:43.522563+02:00 [info] <0.222.0> Feature flags: list of feature flags found:
2022-09-28 16:06:43.522594+02:00 [info] <0.222.0> Feature flags:   [x] classic_mirrored_queue_version
2022-09-28 16:06:43.522614+02:00 [info] <0.222.0> Feature flags:   [x] drop_unroutable_metric
2022-09-28 16:06:43.522632+02:00 [info] <0.222.0> Feature flags:   [x] empty_basic_get_metric
2022-09-28 16:06:43.522661+02:00 [info] <0.222.0> Feature flags:   [x] implicit_default_bindings
2022-09-28 16:06:43.522680+02:00 [info] <0.222.0> Feature flags:   [x] maintenance_mode_status
2022-09-28 16:06:43.522696+02:00 [info] <0.222.0> Feature flags:   [x] quorum_queue
2022-09-28 16:06:43.522712+02:00 [info] <0.222.0> Feature flags:   [x] stream_queue
2022-09-28 16:06:43.522742+02:00 [info] <0.222.0> Feature flags:   [x] user_limits
2022-09-28 16:06:43.522757+02:00 [info] <0.222.0> Feature flags:   [ ] virtual_host_metadata
2022-09-28 16:06:43.522781+02:00 [info] <0.222.0> Feature flags: feature flag states written to disk: yes
2022-09-28 16:06:43.527451+02:00 [info] <0.222.0> Feature flag `virtual_host_metadata`: supported, attempt to enable...
2022-09-28 16:06:43.527493+02:00 [info] <0.222.0> Feature flag `virtual_host_metadata`: mark as enabled=state_changing
2022-09-28 16:06:43.527926+02:00 [info] <0.222.0> Feature flags: list of feature flags found:
2022-09-28 16:06:43.527957+02:00 [info] <0.222.0> Feature flags:   [x] classic_mirrored_queue_version
2022-09-28 16:06:43.527981+02:00 [info] <0.222.0> Feature flags:   [x] drop_unroutable_metric
2022-09-28 16:06:43.528007+02:00 [info] <0.222.0> Feature flags:   [x] empty_basic_get_metric
2022-09-28 16:06:43.528034+02:00 [info] <0.222.0> Feature flags:   [x] implicit_default_bindings
2022-09-28 16:06:43.528053+02:00 [info] <0.222.0> Feature flags:   [x] maintenance_mode_status
2022-09-28 16:06:43.528081+02:00 [info] <0.222.0> Feature flags:   [x] quorum_queue
2022-09-28 16:06:43.528097+02:00 [info] <0.222.0> Feature flags:   [x] stream_queue
2022-09-28 16:06:43.528114+02:00 [info] <0.222.0> Feature flags:   [x] user_limits
2022-09-28 16:06:43.528144+02:00 [info] <0.222.0> Feature flags:   [~] virtual_host_metadata
2022-09-28 16:06:43.528169+02:00 [info] <0.222.0> Feature flags: feature flag states written to disk: yes
2022-09-28 16:06:43.532656+02:00 [info] <0.222.0> Waiting for Mnesia tables for 30000 ms, 9 retries left
2022-09-28 16:06:43.532731+02:00 [info] <0.222.0> Successfully synced tables from a peer
2022-09-28 16:06:43.550979+02:00 [info] <0.222.0> Feature flag `virtual_host_metadata`: mark as enabled=true
2022-09-28 16:06:43.553566+02:00 [info] <0.222.0> Feature flags: list of feature flags found:
2022-09-28 16:06:43.553598+02:00 [info] <0.222.0> Feature flags:   [x] classic_mirrored_queue_version
2022-09-28 16:06:43.553620+02:00 [info] <0.222.0> Feature flags:   [x] drop_unroutable_metric
2022-09-28 16:06:43.553639+02:00 [info] <0.222.0> Feature flags:   [x] empty_basic_get_metric
2022-09-28 16:06:43.553660+02:00 [info] <0.222.0> Feature flags:   [x] implicit_default_bindings
2022-09-28 16:06:43.553678+02:00 [info] <0.222.0> Feature flags:   [x] maintenance_mode_status
2022-09-28 16:06:43.553694+02:00 [info] <0.222.0> Feature flags:   [x] quorum_queue
2022-09-28 16:06:43.553730+02:00 [info] <0.222.0> Feature flags:   [x] stream_queue
2022-09-28 16:06:43.553743+02:00 [info] <0.222.0> Feature flags:   [x] user_limits
2022-09-28 16:06:43.553760+02:00 [info] <0.222.0> Feature flags:   [x] virtual_host_metadata
2022-09-28 16:06:43.553774+02:00 [info] <0.222.0> Feature flags: feature flag states written to disk: yes
2022-09-28 16:06:43.558167+02:00 [info] <0.222.0> Waiting for Mnesia tables for 30000 ms, 9 retries left
2022-09-28 16:06:43.558232+02:00 [info] <0.222.0> Successfully synced tables from a peer
2022-09-28 16:06:43.566108+02:00 [info] <0.222.0> Waiting for Mnesia tables for 30000 ms, 9 retries left
2022-09-28 16:06:43.566159+02:00 [info] <0.222.0> Successfully synced tables from a peer
2022-09-28 16:06:43.566189+02:00 [info] <0.222.0> Peer discovery backend rabbit_peer_discovery_classic_config does not support registration, skipping registration.
2022-09-28 16:06:43.566209+02:00 [info] <0.222.0> Will try to unlock with peer discovery backend rabbit_peer_discovery_classic_config
2022-09-28 16:06:43.566303+02:00 [info] <0.222.0> Running boot step database_sync defined by app rabbit
2022-09-28 16:06:43.566369+02:00 [info] <0.222.0> Running boot step feature_flags defined by app rabbit
2022-09-28 16:06:43.566443+02:00 [info] <0.222.0> Running boot step codec_correctness_check defined by app rabbit
2022-09-28 16:06:43.566472+02:00 [info] <0.222.0> Running boot step external_infrastructure defined by app rabbit
2022-09-28 16:06:43.566493+02:00 [info] <0.222.0> Running boot step rabbit_event defined by app rabbit
2022-09-28 16:06:43.566571+02:00 [info] <0.222.0> Running boot step rabbit_registry defined by app rabbit
2022-09-28 16:06:43.566619+02:00 [info] <0.222.0> Running boot step rabbit_auth_mechanism_amqplain defined by app rabbit
2022-09-28 16:06:43.566667+02:00 [info] <0.222.0> Running boot step rabbit_auth_mechanism_cr_demo defined by app rabbit
2022-09-28 16:06:43.566710+02:00 [info] <0.222.0> Running boot step rabbit_auth_mechanism_plain defined by app rabbit
2022-09-28 16:06:43.566757+02:00 [info] <0.222.0> Running boot step rabbit_exchange_type_direct defined by app rabbit
2022-09-28 16:06:43.566797+02:00 [info] <0.222.0> Running boot step rabbit_exchange_type_fanout defined by app rabbit
2022-09-28 16:06:43.566843+02:00 [info] <0.222.0> Running boot step rabbit_exchange_type_headers defined by app rabbit
2022-09-28 16:06:43.566883+02:00 [info] <0.222.0> Running boot step rabbit_exchange_type_topic defined by app rabbit
2022-09-28 16:06:43.566925+02:00 [info] <0.222.0> Running boot step rabbit_mirror_queue_mode_all defined by app rabbit
2022-09-28 16:06:43.566968+02:00 [info] <0.222.0> Running boot step rabbit_mirror_queue_mode_exactly defined by app rabbit
2022-09-28 16:06:43.567023+02:00 [info] <0.222.0> Running boot step rabbit_mirror_queue_mode_nodes defined by app rabbit
2022-09-28 16:06:43.567066+02:00 [info] <0.222.0> Running boot step rabbit_priority_queue defined by app rabbit
2022-09-28 16:06:43.567090+02:00 [info] <0.222.0> Priority queues enabled, real BQ is rabbit_variable_queue
2022-09-28 16:06:43.567137+02:00 [info] <0.222.0> Running boot step rabbit_queue_location_client_local defined by app rabbit
2022-09-28 16:06:43.567188+02:00 [info] <0.222.0> Running boot step rabbit_queue_location_min_masters defined by app rabbit
2022-09-28 16:06:43.567243+02:00 [info] <0.222.0> Running boot step rabbit_queue_location_random defined by app rabbit
2022-09-28 16:06:43.567277+02:00 [info] <0.222.0> Running boot step kernel_ready defined by app rabbit
2022-09-28 16:06:43.567294+02:00 [info] <0.222.0> Running boot step rabbit_sysmon_minder defined by app rabbit
2022-09-28 16:06:43.567358+02:00 [info] <0.222.0> Running boot step rabbit_epmd_monitor defined by app rabbit
2022-09-28 16:06:43.567773+02:00 [info] <0.578.0> epmd monitor knows us, inter-node communication (distribution) port: 25672
2022-09-28 16:06:43.567818+02:00 [info] <0.222.0> Running boot step guid_generator defined by app rabbit
2022-09-28 16:06:43.569875+02:00 [info] <0.222.0> Running boot step rabbit_node_monitor defined by app rabbit
2022-09-28 16:06:43.569961+02:00 [info] <0.582.0> Starting rabbit_node_monitor
2022-09-28 16:06:43.570015+02:00 [info] <0.222.0> Running boot step delegate_sup defined by app rabbit
2022-09-28 16:06:43.570289+02:00 [info] <0.222.0> Running boot step rabbit_memory_monitor defined by app rabbit
2022-09-28 16:06:43.570411+02:00 [info] <0.222.0> Running boot step rabbit_fifo_dlx_sup defined by app rabbit
2022-09-28 16:06:43.570462+02:00 [info] <0.222.0> Running boot step core_initialized defined by app rabbit
2022-09-28 16:06:43.570491+02:00 [info] <0.222.0> Running boot step upgrade_queues defined by app rabbit
2022-09-28 16:06:43.574629+02:00 [info] <0.222.0> message_store upgrades: 1 to apply
2022-09-28 16:06:43.574684+02:00 [info] <0.222.0> message_store upgrades: Applying rabbit_variable_queue:move_messages_to_vhost_store
2022-09-28 16:06:43.574755+02:00 [info] <0.222.0> message_store upgrades: No durable queues found. Skipping message store migration
2022-09-28 16:06:43.574782+02:00 [info] <0.222.0> message_store upgrades: Removing the old message store data
2022-09-28 16:06:43.575707+02:00 [info] <0.222.0> message_store upgrades: All upgrades applied successfully
2022-09-28 16:06:43.581213+02:00 [info] <0.222.0> Running boot step channel_tracking defined by app rabbit
2022-09-28 16:06:43.583883+02:00 [info] <0.222.0> Setting up a table for channel tracking on this node: 'tracked_channel_on_node_rabbit@MI104-18'
2022-09-28 16:06:43.586418+02:00 [info] <0.222.0> Setting up a table for channel tracking on this node: 'tracked_channel_table_per_user_on_node_rabbit@MI104-18'
2022-09-28 16:06:43.586535+02:00 [info] <0.222.0> Running boot step rabbit_channel_tracking_handler defined by app rabbit
2022-09-28 16:06:43.586571+02:00 [info] <0.222.0> Running boot step connection_tracking defined by app rabbit
2022-09-28 16:06:43.589286+02:00 [info] <0.222.0> Setting up a table for connection tracking on this node: 'tracked_connection_on_node_rabbit@MI104-18'
2022-09-28 16:06:43.591960+02:00 [info] <0.222.0> Setting up a table for per-vhost connection counting on this node: 'tracked_connection_per_vhost_on_node_rabbit@MI104-18'
2022-09-28 16:06:43.594726+02:00 [info] <0.222.0> Setting up a table for per-user connection counting on this node: 'tracked_connection_table_per_user_on_node_rabbit@MI104-18'
2022-09-28 16:06:43.594887+02:00 [info] <0.222.0> Running boot step rabbit_connection_tracking_handler defined by app rabbit
2022-09-28 16:06:43.594927+02:00 [info] <0.222.0> Running boot step rabbit_definitions_hashing defined by app rabbit
2022-09-28 16:06:43.594960+02:00 [info] <0.222.0> Running boot step rabbit_exchange_parameters defined by app rabbit
2022-09-28 16:06:43.595003+02:00 [info] <0.222.0> Running boot step rabbit_mirror_queue_misc defined by app rabbit
2022-09-28 16:06:43.595099+02:00 [info] <0.222.0> Running boot step rabbit_policies defined by app rabbit
2022-09-28 16:06:43.595298+02:00 [info] <0.222.0> Running boot step rabbit_policy defined by app rabbit
2022-09-28 16:06:43.595338+02:00 [info] <0.222.0> Running boot step rabbit_queue_location_validator defined by app rabbit
2022-09-28 16:06:43.595369+02:00 [info] <0.222.0> Running boot step rabbit_quorum_memory_manager defined by app rabbit
2022-09-28 16:06:43.595405+02:00 [info] <0.222.0> Running boot step rabbit_stream_coordinator defined by app rabbit
2022-09-28 16:06:43.595630+02:00 [info] <0.222.0> Running boot step rabbit_vhost_limit defined by app rabbit
2022-09-28 16:06:43.595663+02:00 [info] <0.222.0> Running boot step rabbit_mgmt_reset_handler defined by app rabbitmq_management
2022-09-28 16:06:43.595690+02:00 [info] <0.222.0> Running boot step rabbit_mgmt_db_handler defined by app rabbitmq_management_agent
2022-09-28 16:06:43.595711+02:00 [info] <0.222.0> Management plugin: using rates mode 'basic'
2022-09-28 16:06:43.595858+02:00 [info] <0.222.0> Running boot step recovery defined by app rabbit
2022-09-28 16:06:43.596481+02:00 [info] <0.222.0> Running boot step empty_db_check defined by app rabbit
2022-09-28 16:06:43.596517+02:00 [info] <0.222.0> Will seed default virtual host and user...
2022-09-28 16:06:43.596572+02:00 [info] <0.222.0> Adding vhost '/' (description: 'Default virtual host', tags: [])
2022-09-28 16:06:43.602571+02:00 [info] <0.644.0> Making sure data directory '/home1/ym186975/Documents/M1Info/M1/systemeDistribue/yann_daniel/rabbitMQ/rabbitmq_server-3.10.7/var/lib/rabbitmq/mnesia/rabbit@MI104-18/msg_stores/vhosts/628WB79CIFDYO9LJI6DKMI09L' for vhost '/' exists
2022-09-28 16:06:43.607646+02:00 [info] <0.644.0> Setting segment_entry_count for vhost '/' with 0 queues to '2048'
2022-09-28 16:06:43.610861+02:00 [info] <0.644.0> Starting message stores for vhost '/'
2022-09-28 16:06:43.610955+02:00 [info] <0.649.0> Message store "628WB79CIFDYO9LJI6DKMI09L/msg_store_transient": using rabbit_msg_store_ets_index to provide index
2022-09-28 16:06:43.615798+02:00 [info] <0.644.0> Started message store of type transient for vhost '/'
2022-09-28 16:06:43.615883+02:00 [info] <0.653.0> Message store "628WB79CIFDYO9LJI6DKMI09L/msg_store_persistent": using rabbit_msg_store_ets_index to provide index
2022-09-28 16:06:43.617988+02:00 [warning] <0.653.0> Message store "628WB79CIFDYO9LJI6DKMI09L/msg_store_persistent": rebuilding indices from scratch
2022-09-28 16:06:43.619724+02:00 [info] <0.644.0> Started message store of type persistent for vhost '/'
2022-09-28 16:06:43.619806+02:00 [info] <0.644.0> Recovering 0 queues of type rabbit_classic_queue took 10ms
2022-09-28 16:06:43.619834+02:00 [info] <0.644.0> Recovering 0 queues of type rabbit_quorum_queue took 0ms
2022-09-28 16:06:43.619853+02:00 [info] <0.644.0> Recovering 0 queues of type rabbit_stream_queue took 0ms
2022-09-28 16:06:43.621361+02:00 [info] <0.222.0> Created user 'guest'
2022-09-28 16:06:43.622161+02:00 [info] <0.222.0> Successfully set user tags for user 'guest' to [administrator]
2022-09-28 16:06:43.622873+02:00 [info] <0.222.0> Successfully set permissions for 'guest' in virtual host '/' to '.*', '.*', '.*'
2022-09-28 16:06:43.622905+02:00 [info] <0.222.0> Running boot step rabbit_looking_glass defined by app rabbit
2022-09-28 16:06:43.622937+02:00 [info] <0.222.0> Running boot step rabbit_core_metrics_gc defined by app rabbit
2022-09-28 16:06:43.622994+02:00 [info] <0.222.0> Running boot step background_gc defined by app rabbit
2022-09-28 16:06:43.623072+02:00 [info] <0.222.0> Running boot step routing_ready defined by app rabbit
2022-09-28 16:06:43.623094+02:00 [info] <0.222.0> Running boot step pre_flight defined by app rabbit
2022-09-28 16:06:43.623108+02:00 [info] <0.222.0> Running boot step notify_cluster defined by app rabbit
2022-09-28 16:06:43.623122+02:00 [info] <0.222.0> Running boot step networking defined by app rabbit
2022-09-28 16:06:43.623177+02:00 [info] <0.222.0> Running boot step definition_import_worker_pool defined by app rabbit
2022-09-28 16:06:43.623202+02:00 [info] <0.280.0> Starting worker pool 'definition_import_pool' with 20 processes in it
2022-09-28 16:06:43.623650+02:00 [info] <0.222.0> Running boot step cluster_name defined by app rabbit
2022-09-28 16:06:43.623689+02:00 [info] <0.222.0> Initialising internal cluster ID to 'rabbitmq-cluster-id-wx4jyQOlH3P3HGrVMBJxUA'
2022-09-28 16:06:43.624416+02:00 [info] <0.222.0> Running boot step direct_client defined by app rabbit
2022-09-28 16:06:43.624480+02:00 [info] <0.222.0> Running boot step rabbit_maintenance_mode_state defined by app rabbit
2022-09-28 16:06:43.624503+02:00 [info] <0.222.0> Creating table rabbit_node_maintenance_states for feature flag `maintenance_mode_status`
2022-09-28 16:06:43.624584+02:00 [info] <0.222.0> Running boot step rabbit_management_load_definitions defined by app rabbitmq_management
2022-09-28 16:06:43.624633+02:00 [info] <0.703.0> Resetting node maintenance status
2022-09-28 16:06:43.629987+02:00 [info] <0.762.0> Management plugin: HTTP (non-TLS) listener started on port 15672
2022-09-28 16:06:43.630053+02:00 [info] <0.790.0> Statistics database started.
2022-09-28 16:06:43.630098+02:00 [info] <0.789.0> Starting worker pool 'management_worker_pool' with 3 processes in it
2022-09-28 16:06:43.630315+02:00 [info] <0.703.0> Ready to start client connection listeners
2022-09-28 16:06:43.630981+02:00 [info] <0.814.0> started TCP listener on [::]:5672
2022-09-28 16:06:43.735527+02:00 [info] <0.703.0> Server startup complete; 3 plugins started.
2022-09-28 16:06:43.735527+02:00 [info] <0.703.0>  * rabbitmq_management
2022-09-28 16:06:43.735527+02:00 [info] <0.703.0>  * rabbitmq_web_dispatch
2022-09-28 16:06:43.735527+02:00 [info] <0.703.0>  * rabbitmq_management_agent
2022-09-28 16:11:12.866059+02:00 [warning] <0.1121.0> AMQP 0-9-1 client call timeout was 70000 ms, is updated to a safe effective value of 130000 ms
2022-09-28 16:17:35.243818+02:00 [info] <0.1363.0> accepting AMQP connection <0.1363.0> (127.0.0.1:52760 -> 127.0.0.1:5672)
2022-09-28 16:17:35.271845+02:00 [info] <0.1363.0> connection <0.1363.0> (127.0.0.1:52760 -> 127.0.0.1:5672): user 'guest' authenticated and granted access to vhost '/'
2022-09-28 16:17:35.292506+02:00 [info] <0.1363.0> closing AMQP connection <0.1363.0> (127.0.0.1:52760 -> 127.0.0.1:5672, vhost: '/', user: 'guest')
2022-09-28 16:17:46.303478+02:00 [info] <0.1390.0> accepting AMQP connection <0.1390.0> (127.0.0.1:39876 -> 127.0.0.1:5672)
2022-09-28 16:17:46.330053+02:00 [info] <0.1390.0> connection <0.1390.0> (127.0.0.1:39876 -> 127.0.0.1:5672): user 'guest' authenticated and granted access to vhost '/'
2022-09-28 16:18:01.022892+02:00 [warning] <0.1390.0> closing AMQP connection <0.1390.0> (127.0.0.1:39876 -> 127.0.0.1:5672, vhost: '/', user: 'guest'):
2022-09-28 16:18:01.022892+02:00 [warning] <0.1390.0> client unexpectedly closed TCP connection
2022-09-28 16:18:10.694218+02:00 [info] <0.1419.0> accepting AMQP connection <0.1419.0> (127.0.0.1:40420 -> 127.0.0.1:5672)
2022-09-28 16:18:10.718930+02:00 [info] <0.1419.0> connection <0.1419.0> (127.0.0.1:40420 -> 127.0.0.1:5672): user 'guest' authenticated and granted access to vhost '/'
2022-09-28 16:20:17.067556+02:00 [warning] <0.1419.0> closing AMQP connection <0.1419.0> (127.0.0.1:40420 -> 127.0.0.1:5672, vhost: '/', user: 'guest'):
2022-09-28 16:20:17.067556+02:00 [warning] <0.1419.0> client unexpectedly closed TCP connection
2022-09-28 16:22:00.710330+02:00 [info] <0.1569.0> accepting AMQP connection <0.1569.0> (127.0.0.1:53508 -> 127.0.0.1:5672)
2022-09-28 16:22:00.736963+02:00 [info] <0.1569.0> connection <0.1569.0> (127.0.0.1:53508 -> 127.0.0.1:5672): user 'guest' authenticated and granted access to vhost '/'
2022-09-28 16:22:00.755176+02:00 [info] <0.1569.0> closing AMQP connection <0.1569.0> (127.0.0.1:53508 -> 127.0.0.1:5672, vhost: '/', user: 'guest')
2022-09-28 16:22:08.388033+02:00 [info] <0.1591.0> accepting AMQP connection <0.1591.0> (127.0.0.1:60368 -> 127.0.0.1:5672)
2022-09-28 16:22:08.412870+02:00 [info] <0.1591.0> connection <0.1591.0> (127.0.0.1:60368 -> 127.0.0.1:5672): user 'guest' authenticated and granted access to vhost '/'
2022-09-28 16:22:10.700960+02:00 [warning] <0.1591.0> closing AMQP connection <0.1591.0> (127.0.0.1:60368 -> 127.0.0.1:5672, vhost: '/', user: 'guest'):
2022-09-28 16:22:10.700960+02:00 [warning] <0.1591.0> client unexpectedly closed TCP connection
2022-09-28 16:22:23.659528+02:00 [info] <0.1615.0> accepting AMQP connection <0.1615.0> ([::1]:35532 -> [::1]:5672)
2022-09-28 16:22:23.687702+02:00 [info] <0.1615.0> connection <0.1615.0> ([::1]:35532 -> [::1]:5672): user 'guest' authenticated and granted access to vhost '/'
2022-09-28 16:22:46.275317+02:00 [info] <0.1646.0> accepting AMQP connection <0.1646.0> (127.0.0.1:36590 -> 127.0.0.1:5672)
2022-09-28 16:22:46.301136+02:00 [info] <0.1646.0> connection <0.1646.0> (127.0.0.1:36590 -> 127.0.0.1:5672): user 'guest' authenticated and granted access to vhost '/'
2022-09-28 16:22:46.320417+02:00 [info] <0.1646.0> closing AMQP connection <0.1646.0> (127.0.0.1:36590 -> 127.0.0.1:5672, vhost: '/', user: 'guest')
2022-09-28 16:22:54.083980+02:00 [warning] <0.1615.0> closing AMQP connection <0.1615.0> ([::1]:35532 -> [::1]:5672, vhost: '/', user: 'guest'):
2022-09-28 16:22:54.083980+02:00 [warning] <0.1615.0> client unexpectedly closed TCP connection
2022-09-28 16:36:21.456206+02:00 [info] <0.2123.0> accepting AMQP connection <0.2123.0> (127.0.0.1:57508 -> 127.0.0.1:5672)
2022-09-28 16:36:21.484560+02:00 [info] <0.2123.0> connection <0.2123.0> (127.0.0.1:57508 -> 127.0.0.1:5672): user 'guest' authenticated and granted access to vhost '/'
2022-09-28 16:36:35.105122+02:00 [info] <0.2150.0> accepting AMQP connection <0.2150.0> ([::1]:51830 -> [::1]:5672)
2022-09-28 16:36:35.131418+02:00 [info] <0.2150.0> connection <0.2150.0> ([::1]:51830 -> [::1]:5672): user 'guest' authenticated and granted access to vhost '/'
2022-09-28 16:36:35.150243+02:00 [info] <0.2150.0> closing AMQP connection <0.2150.0> ([::1]:51830 -> [::1]:5672, vhost: '/', user: 'guest')
2022-09-28 16:36:37.897837+02:00 [info] <0.2168.0> accepting AMQP connection <0.2168.0> ([::1]:45514 -> [::1]:5672)
2022-09-28 16:36:37.923544+02:00 [info] <0.2168.0> connection <0.2168.0> ([::1]:45514 -> [::1]:5672): user 'guest' authenticated and granted access to vhost '/'
2022-09-28 16:36:37.942471+02:00 [info] <0.2168.0> closing AMQP connection <0.2168.0> ([::1]:45514 -> [::1]:5672, vhost: '/', user: 'guest')
2022-09-28 16:36:39.888750+02:00 [info] <0.2187.0> accepting AMQP connection <0.2187.0> (127.0.0.1:57620 -> 127.0.0.1:5672)
2022-09-28 16:36:39.915680+02:00 [info] <0.2187.0> connection <0.2187.0> (127.0.0.1:57620 -> 127.0.0.1:5672): user 'guest' authenticated and granted access to vhost '/'
2022-09-28 16:36:39.935143+02:00 [info] <0.2187.0> closing AMQP connection <0.2187.0> (127.0.0.1:57620 -> 127.0.0.1:5672, vhost: '/', user: 'guest')
2022-09-28 16:36:51.819710+02:00 [warning] <0.2123.0> closing AMQP connection <0.2123.0> (127.0.0.1:57508 -> 127.0.0.1:5672, vhost: '/', user: 'guest'):
2022-09-28 16:36:51.819710+02:00 [warning] <0.2123.0> client unexpectedly closed TCP connection
2022-09-28 16:39:06.558255+02:00 [info] <0.2284.0> accepting AMQP connection <0.2284.0> (127.0.0.1:59182 -> 127.0.0.1:5672)
2022-09-28 16:39:06.586330+02:00 [info] <0.2284.0> connection <0.2284.0> (127.0.0.1:59182 -> 127.0.0.1:5672): user 'guest' authenticated and granted access to vhost '/'
2022-09-28 16:39:14.571726+02:00 [info] <0.2307.0> accepting AMQP connection <0.2307.0> (127.0.0.1:59190 -> 127.0.0.1:5672)
2022-09-28 16:39:14.598206+02:00 [info] <0.2307.0> connection <0.2307.0> (127.0.0.1:59190 -> 127.0.0.1:5672): user 'guest' authenticated and granted access to vhost '/'
2022-09-28 16:39:14.621436+02:00 [info] <0.2307.0> closing AMQP connection <0.2307.0> (127.0.0.1:59190 -> 127.0.0.1:5672, vhost: '/', user: 'guest')
2022-09-28 16:39:21.225756+02:00 [warning] <0.2284.0> closing AMQP connection <0.2284.0> (127.0.0.1:59182 -> 127.0.0.1:5672, vhost: '/', user: 'guest'):
2022-09-28 16:39:21.225756+02:00 [warning] <0.2284.0> client unexpectedly closed TCP connection
